[01-Jun-2025 14:13:06 UTC] PHP Deprecated:  htmlspecialchars(): Passing null to parameter #1 ($string) of type string is deprecated in /Applications/MAMP/htdocs/onefitclothing/myaccount.php on line 380
[01-Jun-2025 14:13:06 UTC] PHP Deprecated:  htmlspecialchars(): Passing null to parameter #1 ($string) of type string is deprecated in /Applications/MAMP/htdocs/onefitclothing/myaccount.php on line 380
[01-Jun-2025 14:13:06 UTC] PHP Deprecated:  htmlspecialchars(): Passing null to parameter #1 ($string) of type string is deprecated in /Applications/MAMP/htdocs/onefitclothing/myaccount.php on line 380
[01-Jun-2025 14:21:24 UTC] PHP Deprecated:  htmlspecialchars(): Passing null to parameter #1 ($string) of type string is deprecated in /Applications/MAMP/htdocs/onefitclothing/myaccount.php on line 380
[01-Jun-2025 14:21:24 UTC] PHP Deprecated:  htmlspecialchars(): Passing null to parameter #1 ($string) of type string is deprecated in /Applications/MAMP/htdocs/onefitclothing/myaccount.php on line 380
[01-Jun-2025 14:21:24 UTC] PHP Deprecated:  htmlspecialchars(): Passing null to parameter #1 ($string) of type string is deprecated in /Applications/MAMP/htdocs/onefitclothing/myaccount.php on line 380
[01-Jun-2025 14:58:31 UTC] PHP Deprecated:  htmlspecialchars(): Passing null to parameter #1 ($string) of type string is deprecated in /Applications/MAMP/htdocs/onefitclothing/myaccount.php on line 380
[01-Jun-2025 14:58:31 UTC] PHP Deprecated:  htmlspecialchars(): Passing null to parameter #1 ($string) of type string is deprecated in /Applications/MAMP/htdocs/onefitclothing/myaccount.php on line 380
[01-Jun-2025 14:58:31 UTC] PHP Deprecated:  htmlspecialchars(): Passing null to parameter #1 ($string) of type string is deprecated in /Applications/MAMP/htdocs/onefitclothing/myaccount.php on line 380
[01-Jun-2025 20:22:46 UTC] PHP Notice:  session_start(): Ignoring session_start() because a session is already active (started from /Applications/MAMP/htdocs/onefitclothing/includes/config.php on line 27) in /Applications/MAMP/htdocs/onefitclothing/admin/product-edit.php on line 29
[01-Jun-2025 20:28:13 UTC] PHP Fatal error:  Uncaught mysqli_sql_exception: Unknown column 'slug' in 'where clause' in /Applications/MAMP/htdocs/onefitclothing/admin/product-categories.php:79
Stack trace:
#0 /Applications/MAMP/htdocs/onefitclothing/admin/product-categories.php(79): mysqli->prepare('SELECT id FROM ...')
#1 {main}
  thrown in /Applications/MAMP/htdocs/onefitclothing/admin/product-categories.php on line 79
[01-Jun-2025 20:29:22 UTC] Adding to cart: Product ID: 1, Size: L, Quantity: 2
[01-Jun-2025 20:29:22 UTC] Cart after add: Array
(
    [0] => Array
        (
            [id] => 683cb82216f7a
            [product_id] => 1
            [name] => Anime Girl Printed Oversized T-Shirt
            [price] => 24.99
            [quantity] => 2
            [size] => L
            [image] => /onefitclothing/uploads/products/1748809366_anime_girl_printed_oversized_t_shirt_03.png
        )

)

[01-Jun-2025 20:29:30 UTC] Removing cart item: ID: 683cb82216f7a
[01-Jun-2025 20:29:30 UTC] Cart after remove: Array
(
)

[01-Jun-2025 20:29:51 UTC] Adding to cart: Product ID: 3, Size: XL, Quantity: 1
[01-Jun-2025 20:29:51 UTC] Cart after add: Array
(
    [0] => Array
        (
            [id] => 683cb83f8bb32
            [product_id] => 3
            [name] => Happiness Navy Blue T-Shirt
            [price] => 25.99
            [quantity] => 1
            [size] => XL
            [image] => 
        )

)

[01-Jun-2025 20:30:02 UTC] Removing cart item: ID: 683cb83f8bb32
[01-Jun-2025 20:30:02 UTC] Cart after remove: Array
(
)

[01-Jun-2025 20:33:53 UTC] PHP Deprecated:  htmlspecialchars(): Passing null to parameter #1 ($string) of type string is deprecated in /Applications/MAMP/htdocs/onefitclothing/myaccount.php on line 380
[01-Jun-2025 20:33:53 UTC] PHP Deprecated:  htmlspecialchars(): Passing null to parameter #1 ($string) of type string is deprecated in /Applications/MAMP/htdocs/onefitclothing/myaccount.php on line 380
[01-Jun-2025 20:33:53 UTC] PHP Deprecated:  htmlspecialchars(): Passing null to parameter #1 ($string) of type string is deprecated in /Applications/MAMP/htdocs/onefitclothing/myaccount.php on line 380
[01-Jun-2025 20:35:16 UTC] PHP Deprecated:  htmlspecialchars(): Passing null to parameter #1 ($string) of type string is deprecated in /Applications/MAMP/htdocs/onefitclothing/myaccount.php on line 380
[01-Jun-2025 20:35:16 UTC] PHP Deprecated:  htmlspecialchars(): Passing null to parameter #1 ($string) of type string is deprecated in /Applications/MAMP/htdocs/onefitclothing/myaccount.php on line 380
[01-Jun-2025 20:35:16 UTC] PHP Deprecated:  htmlspecialchars(): Passing null to parameter #1 ($string) of type string is deprecated in /Applications/MAMP/htdocs/onefitclothing/myaccount.php on line 380
[01-Jun-2025 20:43:09 UTC] PHP Warning:  Undefined variable $categoryColumnExists in /Applications/MAMP/htdocs/onefitclothing/admin/product-export.php on line 199
[01-Jun-2025 20:45:30 UTC] PHP Warning:  Cannot modify header information - headers already sent by (output started at /Applications/MAMP/htdocs/onefitclothing/admin/includes/header.php:105) in /Applications/MAMP/htdocs/onefitclothing/admin/users.php on line 71
[01-Jun-2025 20:46:12 UTC] PHP Deprecated:  htmlspecialchars(): Passing null to parameter #1 ($string) of type string is deprecated in /Applications/MAMP/htdocs/onefitclothing/myaccount.php on line 380
[01-Jun-2025 20:46:12 UTC] PHP Deprecated:  htmlspecialchars(): Passing null to parameter #1 ($string) of type string is deprecated in /Applications/MAMP/htdocs/onefitclothing/myaccount.php on line 380
[01-Jun-2025 20:46:12 UTC] PHP Deprecated:  htmlspecialchars(): Passing null to parameter #1 ($string) of type string is deprecated in /Applications/MAMP/htdocs/onefitclothing/myaccount.php on line 380
[01-Jun-2025 20:55:59 UTC] PHP Fatal error:  Uncaught mysqli_sql_exception: Unknown column 'blocked' in 'field list' in /Applications/MAMP/htdocs/onefitclothing/admin/users.php:78
Stack trace:
#0 /Applications/MAMP/htdocs/onefitclothing/admin/users.php(78): mysqli->prepare('UPDATE users SE...')
#1 {main}
  thrown in /Applications/MAMP/htdocs/onefitclothing/admin/users.php on line 78
[01-Jun-2025 20:57:25 UTC] PHP Fatal error:  Uncaught mysqli_sql_exception: Unknown column 'blocked' in 'field list' in /Applications/MAMP/htdocs/onefitclothing/admin/users.php:78
Stack trace:
#0 /Applications/MAMP/htdocs/onefitclothing/admin/users.php(78): mysqli->prepare('UPDATE users SE...')
#1 {main}
  thrown in /Applications/MAMP/htdocs/onefitclothing/admin/users.php on line 78
[01-Jun-2025 20:59:02 UTC] PHP Fatal error:  Uncaught mysqli_sql_exception: Unknown column 'blocked' in 'field list' in /Applications/MAMP/htdocs/onefitclothing/admin/users.php:78
Stack trace:
#0 /Applications/MAMP/htdocs/onefitclothing/admin/users.php(78): mysqli->prepare('UPDATE users SE...')
#1 {main}
  thrown in /Applications/MAMP/htdocs/onefitclothing/admin/users.php on line 78
[01-Jun-2025 21:00:50 UTC] PHP Fatal error:  Uncaught mysqli_sql_exception: Unknown column 'blocked' in 'field list' in /Applications/MAMP/htdocs/onefitclothing/admin/users.php:78
Stack trace:
#0 /Applications/MAMP/htdocs/onefitclothing/admin/users.php(78): mysqli->prepare('UPDATE users SE...')
#1 {main}
  thrown in /Applications/MAMP/htdocs/onefitclothing/admin/users.php on line 78
[01-Jun-2025 21:01:23 UTC] PHP Fatal error:  Uncaught mysqli_sql_exception: Unknown column 'blocked' in 'field list' in /Applications/MAMP/htdocs/onefitclothing/admin/users.php:78
Stack trace:
#0 /Applications/MAMP/htdocs/onefitclothing/admin/users.php(78): mysqli->prepare('UPDATE users SE...')
#1 {main}
  thrown in /Applications/MAMP/htdocs/onefitclothing/admin/users.php on line 78
[01-Jun-2025 21:01:36 UTC] PHP Fatal error:  Uncaught mysqli_sql_exception: Unknown column 'blocked' in 'field list' in /Applications/MAMP/htdocs/onefitclothing/admin/users.php:78
Stack trace:
#0 /Applications/MAMP/htdocs/onefitclothing/admin/users.php(78): mysqli->prepare('UPDATE users SE...')
#1 {main}
  thrown in /Applications/MAMP/htdocs/onefitclothing/admin/users.php on line 78
[01-Jun-2025 21:04:44 UTC] PHP Warning:  Undefined array key "blocked" in /Applications/MAMP/htdocs/onefitclothing/admin/users.php on line 208
[01-Jun-2025 21:04:44 UTC] PHP Warning:  Undefined array key "blocked" in /Applications/MAMP/htdocs/onefitclothing/admin/users.php on line 208
[01-Jun-2025 21:04:44 UTC] PHP Warning:  Undefined array key "blocked" in /Applications/MAMP/htdocs/onefitclothing/admin/users.php on line 208
[01-Jun-2025 21:06:23 UTC] PHP Warning:  Cannot modify header information - headers already sent by (output started at /Applications/MAMP/htdocs/onefitclothing/admin/includes/header.php:105) in /Applications/MAMP/htdocs/onefitclothing/admin/users.php on line 87
[01-Jun-2025 21:07:05 UTC] PHP Warning:  Cannot modify header information - headers already sent by (output started at /Applications/MAMP/htdocs/onefitclothing/admin/includes/header.php:105) in /Applications/MAMP/htdocs/onefitclothing/admin/users.php on line 101
[01-Jun-2025 21:09:09 UTC] PHP Warning:  Cannot modify header information - headers already sent by (output started at /Applications/MAMP/htdocs/onefitclothing/admin/includes/header.php:105) in /Applications/MAMP/htdocs/onefitclothing/admin/users.php on line 87
[01-Jun-2025 21:13:38 UTC] PHP Deprecated:  htmlspecialchars(): Passing null to parameter #1 ($string) of type string is deprecated in /Applications/MAMP/htdocs/onefitclothing/myaccount.php on line 380
[01-Jun-2025 21:13:38 UTC] PHP Deprecated:  htmlspecialchars(): Passing null to parameter #1 ($string) of type string is deprecated in /Applications/MAMP/htdocs/onefitclothing/myaccount.php on line 380
[01-Jun-2025 21:13:38 UTC] PHP Deprecated:  htmlspecialchars(): Passing null to parameter #1 ($string) of type string is deprecated in /Applications/MAMP/htdocs/onefitclothing/myaccount.php on line 380
[01-Jun-2025 21:15:30 UTC] PHP Warning:  Cannot modify header information - headers already sent by (output started at /Applications/MAMP/htdocs/onefitclothing/admin/includes/header.php:105) in /Applications/MAMP/htdocs/onefitclothing/admin/users.php on line 85
[01-Jun-2025 21:15:36 UTC] PHP Warning:  Cannot modify header information - headers already sent by (output started at /Applications/MAMP/htdocs/onefitclothing/admin/includes/header.php:105) in /Applications/MAMP/htdocs/onefitclothing/admin/users.php on line 85
[01-Jun-2025 21:34:41 UTC] Adding to cart: Product ID: 5, Size: L, Quantity: 1
[01-Jun-2025 21:34:41 UTC] Cart after add: Array
(
    [0] => Array
        (
            [id] => 683cc771a50c1
            [product_id] => 5
            [name] => Drop-Shoulder Mid-Sleeve T-Shirt
            [price] => 29.99
            [quantity] => 1
            [size] => L
            [image] => /onefitclothing/uploads/products/1748628779_drop-shoulder_mid-sleeve_t-shirt_(1).png
        )

)

[03-Jun-2025 14:44:43 UTC] PHP Deprecated:  htmlspecialchars(): Passing null to parameter #1 ($string) of type string is deprecated in /Applications/MAMP/htdocs/onefitclothing/admin/product-edit.php on line 140
[03-Jun-2025 14:44:51 UTC] PHP Notice:  session_start(): Ignoring session_start() because a session is already active (started from /Applications/MAMP/htdocs/onefitclothing/includes/config.php on line 27) in /Applications/MAMP/htdocs/onefitclothing/admin/product-edit.php on line 29
[03-Jun-2025 14:45:29 UTC] PHP Deprecated:  htmlspecialchars(): Passing null to parameter #1 ($string) of type string is deprecated in /Applications/MAMP/htdocs/onefitclothing/admin/product-edit.php on line 140
[03-Jun-2025 14:45:33 UTC] PHP Notice:  session_start(): Ignoring session_start() because a session is already active (started from /Applications/MAMP/htdocs/onefitclothing/includes/config.php on line 27) in /Applications/MAMP/htdocs/onefitclothing/admin/product-edit.php on line 29
[03-Jun-2025 14:52:22 UTC] PHP Notice:  session_start(): Ignoring session_start() because a session is already active (started from /Applications/MAMP/htdocs/onefitclothing/includes/config.php on line 27) in /Applications/MAMP/htdocs/onefitclothing/admin/product-edit.php on line 29
[03-Jun-2025 14:52:31 UTC] PHP Notice:  session_start(): Ignoring session_start() because a session is already active (started from /Applications/MAMP/htdocs/onefitclothing/includes/config.php on line 27) in /Applications/MAMP/htdocs/onefitclothing/admin/product-edit.php on line 29
[03-Jun-2025 14:55:01 UTC] PHP Deprecated:  htmlspecialchars(): Passing null to parameter #1 ($string) of type string is deprecated in /Applications/MAMP/htdocs/onefitclothing/admin/product-edit.php on line 140
[03-Jun-2025 14:55:25 UTC] PHP Notice:  session_start(): Ignoring session_start() because a session is already active (started from /Applications/MAMP/htdocs/onefitclothing/includes/config.php on line 27) in /Applications/MAMP/htdocs/onefitclothing/admin/product-edit.php on line 29
